#
# A fatal error has been detected by the Java Runtime Environment:
#
#  SIGSEGV (0xb) at pc=0x00000001016b2e82, pid=12814, tid=17155
#
# JRE version: Java(TM) SE Runtime Environment (7.0_79-b15) (build 1.7.0_79-b15)
# Java VM: Java HotSpot(TM) 64-Bit Server VM (24.79-b02 mixed mode bsd-amd64 compressed oops)
# Problematic frame:
# V  [libjvm.dylib+0x2b2e82]
#
# Failed to write core dump. Core dumps have been disabled. To enable core dumping, try "ulimit -c unlimited" before starting Java again
#
# If you would like to submit a bug report, please visit:
#   http://bugreport.java.com/bugreport/crash.jsp
#

---------------  T H R E A D  ---------------

Current thread (0x00007ff1f981d800):  JavaThread "JDWP Transport Listener: dt_socket" daemon [_thread_in_vm, id=17155, stack(0x0000700000b3b000,0x0000700000c3b000)]

siginfo:si_signo=SIGSEGV: si_errno=0, si_code=1 (SEGV_MAPERR), si_addr=0x000000000000000c

Registers:
RAX=0x0000000000000000, RBX=0x00000007eac10790, RCX=0x000000000000000c, RDX=0x0000000000000000
RSP=0x0000700000c3aa10, RBP=0x0000700000c3aa10, RSI=0x00007ff1f9708458, RDI=0x00000007eac10790
R8 =0xb101000000000000, R9 =0x00000000ffffff00, R10=0x00000001007d7418, R11=0xfffff00e07827680
R12=0x00007ff1f981d800, R13=0x00007ff1f94133d0, R14=0x0000000000000000, R15=0x0000000000000000
RIP=0x00000001016b2e82, EFLAGS=0x0000000000010202, ERR=0x0000000000000004
  TRAPNO=0x000000000000000e

Top of Stack: (sp=0x0000700000c3aa10)
0x0000700000c3aa10:   0000700000c3aa40 00000001016e27be
0x0000700000c3aa20:   0000000000000000 0000000000000000
0x0000700000c3aa30:   00000007eac10790 00007ff1f981d9e8
0x0000700000c3aa40:   0000700000c3aab0 000000010170a0a2
0x0000700000c3aa50:   00007ff1f981d800 00007ff1f981d800
0x0000700000c3aa60:   0000000000000000 0000000000000000
0x0000700000c3aa70:   00007ff1f981d9e8 00007ff1f981d800
0x0000700000c3aa80:   00007ff1f981d800 0000700000c3ab08
0x0000700000c3aa90:   00007ff1f9708458 00007ff1f94133d0
0x0000700000c3aaa0:   0000700000c3ac90 00007ff1f981d9e8
0x0000700000c3aab0:   0000700000c3aae0 0000000100a914be
0x0000700000c3aac0:   0000700000c3ac90 0000000100ab1dc2
0x0000700000c3aad0:   0000700000c3ab08 0000000100abd588
0x0000700000c3aae0:   0000700000c3ad00 0000000100a98642
0x0000700000c3aaf0:   00000a3400000013 0000000000010a00
0x0000700000c3ab00:   00007ff1f94133f0 0000700000c3ab58
0x0000700000c3ab10:   00007ff10000012c 0000700000c3ab20
0x0000700000c3ab20:   0000000000000000 0000700000c3ab58
0x0000700000c3ab30:   0000000000000000 0000000000000000
0x0000700000c3ab40:   00000a340000000f 00007fff00004c80
0x0000700000c3ab50:   0000700000c3ab58 0000000000000000
0x0000700000c3ab60:   0500000032000000 00000065756c6176
0x0000700000c3ab70:   0000000000435b02 0000000000120000
0x0000700000c3ab80:   6804000000420000 4901000000687361
0x0000700000c3ab90:   0200000000000000 603641f9f17f0000
0x0000700000c3aba0:   6972657310000000 6f69737265566c61
0x0000700000c3abb0:   010000004449556e 000000000000004a
0x0000700000c3abc0:   3641f9f17f00001a 7265731600000040
0x0000700000c3abd0:   69737265506c6169 656946746e657473
0x0000700000c3abe0:   5b1c00000073646c 6f692f6176616a4c
0x0000700000c3abf0:   537463656a624f2f 6569466d61657274
0x0000700000c3ac00:   00000000003b646c f9f17f00001a0000 

Instructions: (pc=0x00000001016b2e82)
0x00000001016b2e62:   eb 16 48 8d 35 85 9a 4c 00 8a 4e 08 48 d3 e2 48
0x00000001016b2e72:   03 16 eb 04 48 8b 14 0f 84 c0 0f 94 c0 0f b6 c0
0x00000001016b2e82:   8b 44 82 0c 5d c3 8b 04 07 5d c3 90 55 48 89 e5
0x00000001016b2e92:   f6 87 8d 00 00 00 02 75 04 31 ff eb 23 48 63 87 

Register to memory mapping:

RAX=0x0000000000000000 is an unknown value
RBX=0x00000007eac10790 is an oop
java.lang.String 
 - klass: 'java/lang/String'
RCX=0x000000000000000c is an unknown value
RDX=0x0000000000000000 is an unknown value
RSP=0x0000700000c3aa10 is pointing into the stack for thread: 0x00007ff1f981d800
RBP=0x0000700000c3aa10 is pointing into the stack for thread: 0x00007ff1f981d800
RSI=0x00007ff1f9708458 is a global jni handle
RDI=0x00000007eac10790 is an oop
java.lang.String 
 - klass: 'java/lang/String'
R8 =0xb101000000000000 is an unknown value
R9 =0x00000000ffffff00 is an unknown value
R10=0x00000001007d7418 is an unknown value
R11=0xfffff00e07827680 is an unknown value
R12=0x00007ff1f981d800 is a thread
R13=0x00007ff1f94133d0 is an unknown value
R14=0x0000000000000000 is an unknown value
R15=0x0000000000000000 is an unknown value


Stack: [0x0000700000b3b000,0x0000700000c3b000],  sp=0x0000700000c3aa10,  free space=1022k
Native frames: (J=compiled Java code, j=interpreted, Vv=VM code, C=native code)
V  [libjvm.dylib+0x2b2e82]
V  [libjvm.dylib+0x2e27be]
V  [libjvm.dylib+0x30a0a2]
C  [libjdwp.dylib+0x74be]  value+0x96
C  [libjdwp.dylib+0xe642]  debugLoop_run+0x1ce
C  [libjdwp.dylib+0x1f0e2]  attachThread+0x4d
V  [libjvm.dylib+0x37945a]
V  [libjvm.dylib+0x4f759d]
V  [libjvm.dylib+0x4f8ca5]
V  [libjvm.dylib+0x421c4e]
C  [libsystem_pthread.dylib+0x399d]  _pthread_body+0x83
C  [libsystem_pthread.dylib+0x391a]  _pthread_body+0x0
C  [libsystem_pthread.dylib+0x1351]  thread_start+0xd


---------------  P R O C E S S  ---------------

Java Threads: ( => current thread )
  0x00007ff1fb020000 JavaThread "Service Thread" daemon [_thread_blocked, id=19715, stack(0x000070000104a000,0x000070000114a000)]
  0x00007ff1fa06c800 JavaThread "C2 CompilerThread1" daemon [_thread_blocked, id=19203, stack(0x0000700000f47000,0x0000700001047000)]
  0x00007ff1fa06d800 JavaThread "C2 CompilerThread0" daemon [_thread_blocked, id=18691, stack(0x0000700000e44000,0x0000700000f44000)]
  0x00007ff1f9809000 JavaThread "JDWP Command Reader" daemon [_thread_in_native, id=18179, stack(0x0000700000d41000,0x0000700000e41000)]
  0x00007ff1fa848000 JavaThread "JDWP Event Helper Thread" daemon [_thread_blocked, id=17667, stack(0x0000700000c3e000,0x0000700000d3e000)]
=>0x00007ff1f981d800 JavaThread "JDWP Transport Listener: dt_socket" daemon [_thread_in_vm, id=17155, stack(0x0000700000b3b000,0x0000700000c3b000)]
  0x00007ff1fb017800 JavaThread "Signal Dispatcher" daemon [_thread_blocked, id=12815, stack(0x0000700000a38000,0x0000700000b38000)]
  0x00007ff1fa839800 JavaThread "Finalizer" daemon [_thread_blocked, id=12291, stack(0x000070000082f000,0x000070000092f000)]
  0x00007ff1fa839000 JavaThread "Reference Handler" daemon [_thread_blocked, id=11779, stack(0x000070000072c000,0x000070000082c000)]
  0x00007ff1fa00c800 JavaThread "main" [_thread_blocked, id=5891, stack(0x000070000011a000,0x000070000021a000)]

Other Threads:
  0x00007ff1fa027000 VMThread [stack: 0x0000700000629000,0x0000700000729000] [id=11267]
  0x00007ff1f981e800 WatcherThread [stack: 0x000070000114d000,0x000070000124d000] [id=20227]

VM state:not at safepoint (normal execution)

VM Mutex/Monitor currently owned by a thread: None

Heap
 PSYoungGen      total 19456K, used 1690K [0x00000007eaa80000, 0x00000007ec000000, 0x0000000800000000)
  eden space 16896K, 10% used [0x00000007eaa80000,0x00000007eac269b8,0x00000007ebb00000)
  from space 2560K, 0% used [0x00000007ebd80000,0x00000007ebd80000,0x00000007ec000000)
  to   space 2560K, 0% used [0x00000007ebb00000,0x00000007ebb00000,0x00000007ebd80000)
 ParOldGen       total 43520K, used 0K [0x00000007c0000000, 0x00000007c2a80000, 0x00000007eaa80000)
  object space 43520K, 0% used [0x00000007c0000000,0x00000007c0000000,0x00000007c2a80000)
 PSPermGen       total 21504K, used 2677K [0x00000007bae00000, 0x00000007bc300000, 0x00000007c0000000)
  object space 21504K, 12% used [0x00000007bae00000,0x00000007bb09d500,0x00000007bc300000)

Card table byte_map: [0x0000000104e63000,0x000000010508d000] byte_map_base: 0x000000010108c000

Polling page: 0x0000000100a89000

Code Cache  [0x0000000101e63000, 0x00000001020d3000, 0x0000000104e63000)
 total_blobs=178 nmethods=5 adapters=136 free_code_cache=48765Kb largest_free_block=49918912

Compilation events (10 events):
Event: 0.793 Thread 0x00007ff1fa06d800    1             java.lang.String::indexOf (70 bytes)
Event: 0.795 Thread 0x00007ff1fa06c800    2             java.lang.String::hashCode (55 bytes)
Event: 0.802 Thread 0x00007ff1fa06d800 nmethod 1 0x0000000101ec2910 code [0x0000000101ec2a60, 0x0000000101ec2c48]
Event: 0.802 Thread 0x00007ff1fa06c800 nmethod 2 0x0000000101ec2550 code [0x0000000101ec26a0, 0x0000000101ec2858]
Event: 0.811 Thread 0x00007ff1fa06d800    3             sun.nio.cs.UTF_8$Encoder::encode (361 bytes)
Event: 0.826 Thread 0x00007ff1fa06d800 nmethod 3 0x0000000101ec1890 code [0x0000000101ec1a20, 0x0000000101ec2128]
Event: 0.846 Thread 0x00007ff1fa06c800    4             java.lang.String::charAt (29 bytes)
Event: 0.847 Thread 0x00007ff1fa06c800 nmethod 4 0x0000000101ec6110 code [0x0000000101ec6260, 0x0000000101ec6358]
Event: 0.870 Thread 0x00007ff1fa06d800    5             java.io.UnixFileSystem::normalize (75 bytes)
Event: 0.875 Thread 0x00007ff1fa06d800 nmethod 5 0x0000000101ec7610 code [0x0000000101ec7780, 0x0000000101ec7a58]

GC Heap History (0 events):
No events

Deoptimization events (0 events):
No events

Internal exceptions (10 events):
Event: 0.808 Thread 0x00007ff1fa00c800 Threw 0x00000007eab7b400 at /HUDSON/workspace/7u-2-build-macosx-x86_64/jdk7u79/2331/hotspot/src/share/vm/prims/jni.cpp:717
Event: 0.808 Thread 0x00007ff1fa00c800 Threw 0x00000007eab7b520 at /HUDSON/workspace/7u-2-build-macosx-x86_64/jdk7u79/2331/hotspot/src/share/vm/prims/jvm.cpp:1304
Event: 0.808 Thread 0x00007ff1fa00c800 Threw 0x00000007eab7b648 at /HUDSON/workspace/7u-2-build-macosx-x86_64/jdk7u79/2331/hotspot/src/share/vm/prims/jvm.cpp:1304
Event: 0.811 Thread 0x00007ff1fa00c800 Threw 0x00000007eabe1728 at /HUDSON/workspace/7u-2-build-macosx-x86_64/jdk7u79/2331/hotspot/src/share/vm/prims/jni.cpp:717
Event: 0.811 Thread 0x00007ff1fa00c800 Threw 0x00000007eabe1848 at /HUDSON/workspace/7u-2-build-macosx-x86_64/jdk7u79/2331/hotspot/src/share/vm/prims/jvm.cpp:1304
Event: 0.811 Thread 0x00007ff1fa00c800 Threw 0x00000007eabe1970 at /HUDSON/workspace/7u-2-build-macosx-x86_64/jdk7u79/2331/hotspot/src/share/vm/prims/jvm.cpp:1304
Event: 0.811 Thread 0x00007ff1fa00c800 Threw 0x00000007eabe1bc0 at /HUDSON/workspace/7u-2-build-macosx-x86_64/jdk7u79/2331/hotspot/src/share/vm/prims/jvm.cpp:1304
Event: 3.460 Thread 0x00007ff1fa00c800 Threw 0x00000007eac05a20 at /HUDSON/workspace/7u-2-build-macosx-x86_64/jdk7u79/2331/hotspot/src/share/vm/prims/jvm.cpp:1304
Event: 3.471 Thread 0x00007ff1fa00c800 Threw 0x00000007eac097c0 at /HUDSON/workspace/7u-2-build-macosx-x86_64/jdk7u79/2331/hotspot/src/share/vm/prims/jvm.cpp:1304
Event: 3.482 Thread 0x00007ff1fa00c800 Threw 0x00000007eac0d680 at /HUDSON/workspace/7u-2-build-macosx-x86_64/jdk7u79/2331/hotspot/src/share/vm/prims/jvm.cpp:1304

Events (10 events):
Event: 35.785 Executing VM operation: GetOrSetLocal
Event: 35.785 Executing VM operation: GetOrSetLocal done
Event: 35.803 Executing VM operation: GetOrSetLocal
Event: 35.803 Executing VM operation: GetOrSetLocal done
Event: 35.804 Executing VM operation: GetOrSetLocal
Event: 35.804 Executing VM operation: GetOrSetLocal done
Event: 35.848 Executing VM operation: GetOrSetLocal
Event: 35.848 Executing VM operation: GetOrSetLocal done
Event: 35.848 Executing VM operation: GetOrSetLocal
Event: 35.849 Executing VM operation: GetOrSetLocal done


Dynamic libraries:
0x0000000005ed7000 	/System/Library/Frameworks/Cocoa.framework/Versions/A/Cocoa
0x0000000005ed7000 	/System/Library/Frameworks/Security.framework/Versions/A/Security
0x0000000005ed7000 	/System/Library/Frameworks/ApplicationServices.framework/Versions/A/ApplicationServices
0x0000000005ed7000 	/usr/lib/libz.1.dylib
0x0000000005ed7000 	/usr/lib/libSystem.B.dylib
0x0000000005ed7000 	/usr/lib/libobjc.A.dylib
0x0000000005ed7000 	/System/Library/Frameworks/CoreFoundation.framework/Versions/A/CoreFoundation
0x0000000005ed7000 	/System/Library/Frameworks/Foundation.framework/Versions/C/Foundation
0x0000000005ed7000 	/System/Library/Frameworks/AppKit.framework/Versions/C/AppKit
0x0000000005ed7000 	/System/Library/Frameworks/CoreData.framework/Versions/A/CoreData
0x0000000005ed7000 	/System/Library/PrivateFrameworks/RemoteViewServices.framework/Versions/A/RemoteViewServices
0x0000000005ed7000 	/System/Library/PrivateFrameworks/UIFoundation.framework/Versions/A/UIFoundation
0x0000000005ed7000 	/usr/lib/libScreenReader.dylib
0x0000000005ed7000 	/System/Library/Frameworks/Accelerate.framework/Versions/A/Accelerate
0x0000000005ed7000 	/System/Library/Frameworks/IOSurface.framework/Versions/A/IOSurface
0x0000000005ed7000 	/System/Library/Frameworks/AudioToolbox.framework/Versions/A/AudioToolbox
0x0000000005ed7000 	/System/Library/Frameworks/AudioUnit.framework/Versions/A/AudioUnit
0x0000000005ed7000 	/System/Library/PrivateFrameworks/DataDetectorsCore.framework/Versions/A/DataDetectorsCore
0x0000000005ed7000 	/System/Library/PrivateFrameworks/DesktopServicesPriv.framework/Versions/A/DesktopServicesPriv
0x0000000005ed7000 	/System/Library/Frameworks/Carbon.framework/Versions/A/Frameworks/HIToolbox.framework/Versions/A/HIToolbox
0x0000000005ed7000 	/System/Library/Frameworks/QuartzCore.framework/Versions/A/QuartzCore
0x0000000005ed7000 	/System/Library/Frameworks/Carbon.framework/Versions/A/Frameworks/SpeechRecognition.framework/Versions/A/SpeechRecognition
0x0000000005ed7000 	/usr/lib/libauto.dylib
0x0000000005ed7000 	/usr/lib/libicucore.A.dylib
0x0000000005ed7000 	/usr/lib/libxml2.2.dylib
0x0000000005ed7000 	/System/Library/PrivateFrameworks/CoreUI.framework/Versions/A/CoreUI
0x0000000005ed7000 	/System/Library/Frameworks/CoreAudio.framework/Versions/A/CoreAudio
0x0000000005ed7000 	/System/Library/Frameworks/DiskArbitration.framework/Versions/A/DiskArbitration
0x0000000005ed7000 	/usr/lib/liblangid.dylib
0x0000000005ed7000 	/System/Library/PrivateFrameworks/MultitouchSupport.framework/Versions/A/MultitouchSupport
0x0000000005ed7000 	/System/Library/Frameworks/IOKit.framework/Versions/A/IOKit
0x0000000005ed7000 	/usr/lib/libDiagnosticMessagesClient.dylib
0x0000000005ed7000 	/System/Library/Frameworks/CoreServices.framework/Versions/A/CoreServices
0x0000000005ed7000 	/System/Library/PrivateFrameworks/PerformanceAnalysis.framework/Versions/A/PerformanceAnalysis
0x0000000005ed7000 	/System/Library/PrivateFrameworks/GenerationalStorage.framework/Versions/A/GenerationalStorage
0x0000000005ed7000 	/System/Library/Frameworks/OpenGL.framework/Versions/A/OpenGL
0x0000000005ed7000 	/System/Library/PrivateFrameworks/Sharing.framework/Versions/A/Sharing
0x0000000005ed7000 	/System/Library/Frameworks/CoreGraphics.framework/Versions/A/CoreGraphics
0x0000000005ed7000 	/System/Library/Frameworks/CoreImage.framework/Versions/A/CoreImage
0x0000000005ed7000 	/System/Library/Frameworks/CoreText.framework/Versions/A/CoreText
0x0000000005ed7000 	/System/Library/Frameworks/ImageIO.framework/Versions/A/ImageIO
0x0000000005ed7000 	/System/Library/PrivateFrameworks/Backup.framework/Versions/A/Backup
0x0000000005ed7000 	/usr/lib/libextension.dylib
0x0000000005ed7000 	/usr/lib/libarchive.2.dylib
0x0000000005ed7000 	/System/Library/Frameworks/CFNetwork.framework/Versions/A/CFNetwork
0x0000000005ed7000 	/System/Library/Frameworks/SystemConfiguration.framework/Versions/A/SystemConfiguration
0x0000000005ed7000 	/usr/lib/libCRFSuite.dylib
0x0000000005ed7000 	/usr/lib/libc++.1.dylib
0x0000000005ed7000 	/usr/lib/libc++abi.dylib
0x0000000005ed7000 	/usr/lib/system/libcache.dylib
0x0000000005ed7000 	/usr/lib/system/libcommonCrypto.dylib
0x0000000005ed7000 	/usr/lib/system/libcompiler_rt.dylib
0x0000000005ed7000 	/usr/lib/system/libcopyfile.dylib
0x0000000005ed7000 	/usr/lib/system/libcorecrypto.dylib
0x0000000005ed7000 	/usr/lib/system/libdispatch.dylib
0x0000000005ed7000 	/usr/lib/system/libdyld.dylib
0x0000000005ed7000 	/usr/lib/system/libkeymgr.dylib
0x0000000005ed7000 	/usr/lib/system/liblaunch.dylib
0x0000000005ed7000 	/usr/lib/system/libmacho.dylib
0x0000000005ed7000 	/usr/lib/system/libquarantine.dylib
0x0000000005ed7000 	/usr/lib/system/libremovefile.dylib
0x0000000005ed7000 	/usr/lib/system/libsystem_asl.dylib
0x0000000005ed7000 	/usr/lib/system/libsystem_blocks.dylib
0x0000000005ed7000 	/usr/lib/system/libsystem_c.dylib
0x0000000005ed7000 	/usr/lib/system/libsystem_configuration.dylib
0x0000000005ed7000 	/usr/lib/system/libsystem_coreservices.dylib
0x0000000005ed7000 	/usr/lib/system/libsystem_coretls.dylib
0x0000000005ed7000 	/usr/lib/system/libsystem_dnssd.dylib
0x0000000005ed7000 	/usr/lib/system/libsystem_info.dylib
0x0000000005ed7000 	/usr/lib/system/libsystem_kernel.dylib
0x0000000005ed7000 	/usr/lib/system/libsystem_m.dylib
0x0000000005ed7000 	/usr/lib/system/libsystem_malloc.dylib
0x0000000005ed7000 	/usr/lib/system/libsystem_network.dylib
0x0000000005ed7000 	/usr/lib/system/libsystem_networkextension.dylib
0x0000000005ed7000 	/usr/lib/system/libsystem_notify.dylib
0x0000000005ed7000 	/usr/lib/system/libsystem_platform.dylib
0x0000000005ed7000 	/usr/lib/system/libsystem_pthread.dylib
0x0000000005ed7000 	/usr/lib/system/libsystem_sandbox.dylib
0x0000000005ed7000 	/usr/lib/system/libsystem_secinit.dylib
0x0000000005ed7000 	/usr/lib/system/libsystem_trace.dylib
0x0000000005ed7000 	/usr/lib/system/libunc.dylib
0x0000000005ed7000 	/usr/lib/system/libunwind.dylib
0x0000000005ed7000 	/usr/lib/system/libxpc.dylib
0x0000000005ed7000 	/usr/lib/libenergytrace.dylib
0x0000000005ed7000 	/usr/lib/libbsm.0.dylib
0x0000000005ed7000 	/usr/lib/system/libkxld.dylib
0x0000000005ed7000 	/usr/lib/libxar.1.dylib
0x0000000005ed7000 	/usr/lib/libsqlite3.dylib
0x0000000005ed7000 	/usr/lib/libpam.2.dylib
0x0000000005ed7000 	/usr/lib/libOpenScriptingUtil.dylib
0x0000000005ed7000 	/usr/lib/libbz2.1.0.dylib
0x0000000005ed7000 	/usr/lib/liblzma.5.dylib
0x0000000005ed7000 	/System/Library/Frameworks/CoreServices.framework/Versions/A/Frameworks/FSEvents.framework/Versions/A/FSEvents
0x0000000005ed7000 	/System/Library/Frameworks/CoreServices.framework/Versions/A/Frameworks/CarbonCore.framework/Versions/A/CarbonCore
0x0000000005ed7000 	/System/Library/Frameworks/CoreServices.framework/Versions/A/Frameworks/Metadata.framework/Versions/A/Metadata
0x0000000005ed7000 	/System/Library/Frameworks/CoreServices.framework/Versions/A/Frameworks/OSServices.framework/Versions/A/OSServices
0x0000000005ed7000 	/System/Library/Frameworks/CoreServices.framework/Versions/A/Frameworks/SearchKit.framework/Versions/A/SearchKit
0x0000000005ed7000 	/System/Library/Frameworks/CoreServices.framework/Versions/A/Frameworks/AE.framework/Versions/A/AE
0x0000000005ed7000 	/System/Library/Frameworks/CoreServices.framework/Versions/A/Frameworks/LaunchServices.framework/Versions/A/LaunchServices
0x0000000005ed7000 	/System/Library/Frameworks/CoreServices.framework/Versions/A/Frameworks/DictionaryServices.framework/Versions/A/DictionaryServices
0x0000000005ed7000 	/System/Library/Frameworks/CoreServices.framework/Versions/A/Frameworks/SharedFileList.framework/Versions/A/SharedFileList
0x0000000005ed7000 	/System/Library/Frameworks/NetFS.framework/Versions/A/NetFS
0x0000000005ed7000 	/System/Library/PrivateFrameworks/NetAuth.framework/Versions/A/NetAuth
0x0000000005ed7000 	/System/Library/PrivateFrameworks/login.framework/Versions/A/Frameworks/loginsupport.framework/Versions/A/loginsupport
0x0000000005ed7000 	/System/Library/PrivateFrameworks/TCC.framework/Versions/A/TCC
0x0000000005ed7000 	/usr/lib/libmecabra.dylib
0x0000000005ed7000 	/System/Library/Frameworks/ApplicationServices.framework/Versions/A/Frameworks/ATS.framework/Versions/A/ATS
0x0000000005ed7000 	/System/Library/Frameworks/ApplicationServices.framework/Versions/A/Frameworks/ColorSync.framework/Versions/A/ColorSync
0x0000000005ed7000 	/System/Library/Frameworks/ApplicationServices.framework/Versions/A/Frameworks/HIServices.framework/Versions/A/HIServices
0x0000000005ed7000 	/System/Library/Frameworks/ApplicationServices.framework/Versions/A/Frameworks/LangAnalysis.framework/Versions/A/LangAnalysis
0x0000000005ed7000 	/System/Library/Frameworks/ApplicationServices.framework/Versions/A/Frameworks/PrintCore.framework/Versions/A/PrintCore
0x0000000005ed7000 	/System/Library/Frameworks/ApplicationServices.framework/Versions/A/Frameworks/QD.framework/Versions/A/QD
0x0000000005ed7000 	/System/Library/Frameworks/ApplicationServices.framework/Versions/A/Frameworks/SpeechSynthesis.framework/Versions/A/SpeechSynthesis
0x0000000005ed7000 	/System/Library/Frameworks/Metal.framework/Versions/A/Metal
0x0000000005ed7000 	/System/Library/Frameworks/Accelerate.framework/Versions/A/Frameworks/vImage.framework/Versions/A/vImage
0x0000000005ed7000 	/System/Library/Frameworks/Accelerate.framework/Versions/A/Frameworks/vecLib.framework/Versions/A/vecLib
0x0000000005ed7000 	/System/Library/Frameworks/Accelerate.framework/Versions/A/Frameworks/vecLib.framework/Versions/A/libvDSP.dylib
0x0000000005ed7000 	/System/Library/Frameworks/Accelerate.framework/Versions/A/Frameworks/vecLib.framework/Versions/A/libvMisc.dylib
0x0000000005ed7000 	/System/Library/Frameworks/Accelerate.framework/Versions/A/Frameworks/vecLib.framework/Versions/A/libLAPACK.dylib
0x0000000005ed7000 	/System/Library/Frameworks/Accelerate.framework/Versions/A/Frameworks/vecLib.framework/Versions/A/libBLAS.dylib
0x0000000005ed7000 	/System/Library/Frameworks/Accelerate.framework/Versions/A/Frameworks/vecLib.framework/Versions/A/libLinearAlgebra.dylib
0x0000000005ed7000 	/System/Library/Frameworks/Accelerate.framework/Versions/A/Frameworks/vecLib.framework/Versions/A/libSparseBLAS.dylib
0x0000000005ed7000 	/System/Library/PrivateFrameworks/GPUCompiler.framework/libmetal_timestamp.dylib
0x0000000005ed7000 	/System/Library/Frameworks/OpenGL.framework/Versions/A/Libraries/libCoreFSCache.dylib
0x0000000005ed7000 	/System/Library/PrivateFrameworks/IOAccelerator.framework/Versions/A/IOAccelerator
0x0000000005ed7000 	/System/Library/Frameworks/ApplicationServices.framework/Versions/A/Frameworks/ATS.framework/Versions/A/Resources/libFontParser.dylib
0x0000000005ed7000 	/System/Library/Frameworks/ApplicationServices.framework/Versions/A/Frameworks/ATS.framework/Versions/A/Resources/libFontRegistry.dylib
0x0000000005ed7000 	/System/Library/PrivateFrameworks/AppleVPA.framework/Versions/A/AppleVPA
0x0000000005ed7000 	/System/Library/PrivateFrameworks/AppleJPEG.framework/Versions/A/AppleJPEG
0x0000000005ed7000 	/System/Library/Frameworks/ImageIO.framework/Versions/A/Resources/libJPEG.dylib
0x0000000005ed7000 	/System/Library/Frameworks/ImageIO.framework/Versions/A/Resources/libTIFF.dylib
0x0000000005ed7000 	/System/Library/Frameworks/ImageIO.framework/Versions/A/Resources/libPng.dylib
0x0000000005ed7000 	/System/Library/Frameworks/ImageIO.framework/Versions/A/Resources/libGIF.dylib
0x0000000005ed7000 	/System/Library/Frameworks/ImageIO.framework/Versions/A/Resources/libJP2.dylib
0x0000000005ed7000 	/System/Library/Frameworks/ImageIO.framework/Versions/A/Resources/libRadiance.dylib
0x0000000005ed7000 	/System/Library/Frameworks/CoreVideo.framework/Versions/A/CoreVideo
0x0000000005ed7000 	/System/Library/Frameworks/OpenGL.framework/Versions/A/Libraries/libGLU.dylib
0x0000000005ed7000 	/System/Library/Frameworks/OpenGL.framework/Versions/A/Libraries/libGFXShared.dylib
0x0000000005ed7000 	/System/Library/Frameworks/OpenGL.framework/Versions/A/Libraries/libGL.dylib
0x0000000005ed7000 	/System/Library/Frameworks/OpenGL.framework/Versions/A/Libraries/libGLImage.dylib
0x0000000005ed7000 	/System/Library/Frameworks/OpenGL.framework/Versions/A/Libraries/libCVMSPluginSupport.dylib
0x0000000005ed7000 	/System/Library/Frameworks/OpenGL.framework/Versions/A/Libraries/libCoreVMClient.dylib
0x0000000005ed7000 	/usr/lib/libcompression.dylib
0x0000000005ed7000 	/usr/lib/libcups.2.dylib
0x0000000005ed7000 	/System/Library/Frameworks/Kerberos.framework/Versions/A/Kerberos
0x0000000005ed7000 	/System/Library/Frameworks/GSS.framework/Versions/A/GSS
0x0000000005ed7000 	/usr/lib/libresolv.9.dylib
0x0000000005ed7000 	/usr/lib/libiconv.2.dylib
0x0000000005ed7000 	/System/Library/PrivateFrameworks/Heimdal.framework/Versions/A/Heimdal
0x0000000005ed7000 	/usr/lib/libheimdal-asn1.dylib
0x0000000005ed7000 	/System/Library/Frameworks/OpenDirectory.framework/Versions/A/OpenDirectory
0x0000000005ed7000 	/System/Library/PrivateFrameworks/CommonAuth.framework/Versions/A/CommonAuth
0x0000000005ed7000 	/System/Library/Frameworks/OpenDirectory.framework/Versions/A/Frameworks/CFOpenDirectory.framework/Versions/A/CFOpenDirectory
0x0000000005ed7000 	/System/Library/Frameworks/SecurityFoundation.framework/Versions/A/SecurityFoundation
0x0000000005ed7000 	/System/Library/PrivateFrameworks/LanguageModeling.framework/Versions/A/LanguageModeling
0x0000000005ed7000 	/usr/lib/libmarisa.dylib
0x0000000005ed7000 	/usr/lib/libChineseTokenizer.dylib
0x0000000005ed7000 	/usr/lib/libcmph.dylib
0x0000000005ed7000 	/System/Library/Frameworks/ServiceManagement.framework/Versions/A/ServiceManagement
0x0000000005ed7000 	/usr/lib/libxslt.1.dylib
0x0000000005ed7000 	/System/Library/Frameworks/Carbon.framework/Versions/A/Frameworks/Ink.framework/Versions/A/Ink
0x0000000005ed7000 	/usr/lib/libFosl_dynamic.dylib
0x0000000005ed7000 	/System/Library/PrivateFrameworks/FaceCore.framework/Versions/A/FaceCore
0x0000000005ed7000 	/System/Library/Frameworks/OpenCL.framework/Versions/A/OpenCL
0x0000000005ed7000 	/System/Library/PrivateFrameworks/CrashReporterSupport.framework/Versions/A/CrashReporterSupport
0x0000000005ed7000 	/System/Library/PrivateFrameworks/IconServices.framework/Versions/A/IconServices
0x0000000005ed7000 	/System/Library/PrivateFrameworks/Apple80211.framework/Versions/A/Apple80211
0x0000000005ed7000 	/System/Library/Frameworks/CoreWLAN.framework/Versions/A/CoreWLAN
0x0000000005ed7000 	/System/Library/Frameworks/IOBluetooth.framework/Versions/A/IOBluetooth
0x0000000005ed7000 	/System/Library/PrivateFrameworks/CoreWiFi.framework/Versions/A/CoreWiFi
0x0000000005ed7000 	/System/Library/Frameworks/CoreBluetooth.framework/Versions/A/CoreBluetooth
0x0000000005ed7000 	/System/Library/PrivateFrameworks/ChunkingLibrary.framework/Versions/A/ChunkingLibrary
0x0000000005ed7000 	/System/Library/PrivateFrameworks/DebugSymbols.framework/Versions/A/DebugSymbols
0x0000000005ed7000 	/System/Library/PrivateFrameworks/CoreSymbolication.framework/Versions/A/CoreSymbolication
0x0000000005ed7000 	/System/Library/PrivateFrameworks/Symbolication.framework/Versions/A/Symbolication
0x0000000005ed7000 	/System/Library/PrivateFrameworks/SpeechRecognitionCore.framework/Versions/A/SpeechRecognitionCore
0x0000000100a04000 	/System/Library/CoreServices/Encodings/libSimplifiedChineseConverter.dylib
0x0000000101400000 	/Library/Java/JavaVirtualMachines/jdk1.7.0_79.jdk/Contents/Home/jre/lib/server/libjvm.dylib
0x0000000005ed7000 	/usr/lib/libstdc++.6.dylib
0x0000000100a4c000 	/Library/Java/JavaVirtualMachines/jdk1.7.0_79.jdk/Contents/Home/jre/lib/libverify.dylib
0x0000000100a59000 	/Library/Java/JavaVirtualMachines/jdk1.7.0_79.jdk/Contents/Home/jre/lib/libjava.dylib
0x0000000100a8a000 	/Library/Java/JavaVirtualMachines/jdk1.7.0_79.jdk/Contents/Home/jre/lib/libjdwp.dylib
0x0000000100ac7000 	/Library/Java/JavaVirtualMachines/jdk1.7.0_79.jdk/Contents/Home/jre/lib/libnpt.dylib
0x0000000100ad4000 	/Library/Java/JavaVirtualMachines/jdk1.7.0_79.jdk/Contents/Home/jre/lib/libzip.dylib
0x0000000108936000 	/System/Library/Frameworks/JavaVM.framework/Frameworks/JavaRuntimeSupport.framework/JavaRuntimeSupport
0x0000000108951000 	/System/Library/Frameworks/JavaVM.framework/Versions/A/Frameworks/JavaNativeFoundation.framework/Versions/A/JavaNativeFoundation
0x0000000108966000 	/System/Library/Frameworks/JavaVM.framework/Versions/A/JavaVM
0x0000000005ed7000 	/System/Library/Frameworks/Carbon.framework/Versions/A/Carbon
0x0000000108973000 	/System/Library/PrivateFrameworks/JavaLaunching.framework/Versions/A/JavaLaunching
0x0000000005ed7000 	/System/Library/Frameworks/Carbon.framework/Versions/A/Frameworks/CommonPanels.framework/Versions/A/CommonPanels
0x0000000005ed7000 	/System/Library/Frameworks/Carbon.framework/Versions/A/Frameworks/Help.framework/Versions/A/Help
0x0000000005ed7000 	/System/Library/Frameworks/Carbon.framework/Versions/A/Frameworks/ImageCapture.framework/Versions/A/ImageCapture
0x0000000005ed7000 	/System/Library/Frameworks/Carbon.framework/Versions/A/Frameworks/OpenScripting.framework/Versions/A/OpenScripting
0x0000000005ed7000 	/System/Library/Frameworks/Carbon.framework/Versions/A/Frameworks/Print.framework/Versions/A/Print
0x0000000005ed7000 	/System/Library/Frameworks/Carbon.framework/Versions/A/Frameworks/SecurityHI.framework/Versions/A/SecurityHI
0x000000010a294000 	/Library/Java/JavaVirtualMachines/jdk1.7.0_79.jdk/Contents/Home/jre/lib/libdt_socket.dylib

VM Arguments:
jvm_args: -agentlib:jdwp=transport=dt_socket,address=127.0.0.1:53600,suspend=y,server=n -Dfile.encoding=UTF-8 
java_command: com.company.NotInitialization
Launcher Type: SUN_STANDARD

Environment Variables:
JAVA_HOME=/Library/Java/JavaVirtualMachines/jdk1.8.0_91.jdk/Contents/Home
PATH=/Library/Frameworks/Python.framework/Versions/2.7/bin:/Library/Java/JavaVirtualMachines/jdk1.8.0_91.jdk/Contents/Home/bin:/Users/sooglejay/.composer/vendor/bin://anaconda/bin:/Users/sooglejay/.rbenv/bin:/Users/sooglejay/.rbenv/shims:/usr/local/Cellar/android-sdk/tools:/usr/local/Cellar/android-sdk/platform-tools:/usr/local/bin:/usr/bin:/bin:/usr/sbin:/sbin:/Library/TeX/texbin
SHELL=/bin/bash

Signal Handlers:
SIGSEGV: [libjvm.dylib+0x52daf1], sa_mask[0]=0xfffefeff, sa_flags=0x00000043
SIGBUS: [libjvm.dylib+0x52daf1], sa_mask[0]=0xfffefeff, sa_flags=0x00000042
SIGFPE: [libjvm.dylib+0x41f34e], sa_mask[0]=0xfffefeff, sa_flags=0x00000042
SIGPIPE: [libjvm.dylib+0x41f34e], sa_mask[0]=0xfffefeff, sa_flags=0x00000042
SIGXFSZ: [libjvm.dylib+0x41f34e], sa_mask[0]=0xfffefeff, sa_flags=0x00000042
SIGILL: [libjvm.dylib+0x41f34e], sa_mask[0]=0xfffefeff, sa_flags=0x00000042
SIGUSR1: SIG_DFL, sa_mask[0]=0x00000000, sa_flags=0x00000000
SIGUSR2: [libjvm.dylib+0x41ee40], sa_mask[0]=0x00000004, sa_flags=0x00000042
SIGHUP: [libjvm.dylib+0x41d0d1], sa_mask[0]=0xfffefeff, sa_flags=0x00000042
SIGINT: [libjvm.dylib+0x41d0d1], sa_mask[0]=0xfffefeff, sa_flags=0x00000042
SIGTERM: [libjvm.dylib+0x41d0d1], sa_mask[0]=0xfffefeff, sa_flags=0x00000042
SIGQUIT: [libjvm.dylib+0x41d0d1], sa_mask[0]=0xfffefeff, sa_flags=0x00000042


---------------  S Y S T E M  ---------------

OS:Bsduname:Darwin 15.6.0 Darwin Kernel Version 15.6.0: Tue Apr 11 16:00:51 PDT 2017; root:xnu-3248.60.11.5.3~1/RELEASE_X86_64 x86_64
rlimit: STACK 8192k, CORE 0k, NPROC 709, NOFILE 10240, AS infinity
load average:2.73 2.57 2.18

CPU:total 4 (2 cores per cpu, 2 threads per core) family 6 model 61 stepping 4, cmov, cx8, fxsr, mmx, sse, sse2, sse3, ssse3, sse4.1, sse4.2, popcnt, avx, avx2, aes, erms, ht, tsc, tscinvbit

Memory: 4k page, physical 4194304k(1048576k free)

/proc/meminfo:


vm_info: Java HotSpot(TM) 64-Bit Server VM (24.79-b02) for bsd-amd64 JRE (1.7.0_79-b15), built on Apr 10 2015 11:35:04 by "java_re" with gcc 4.2.1 (Based on Apple Inc. build 5658) (LLVM build 2336.11.00)

time: Sun Aug 27 10:56:57 2017
elapsed time: 35 seconds

